<?xml version="1.0" encoding="UTF-8"?>
<!-- Generated by org.testng.reporters.JUnitXMLReporter -->
<testsuite hostname="sys" name="runAllTest" tests="1" failures="1" timestamp="5 Jun 2016 02:41:13 GMT" time="0.148" errors="0">
  <testcase name="testChrome" time="0.07" classname="web.mpp.tests.ChromeTest">
    <failure type="java.lang.NullPointerException">
      <![CDATA[java.lang.NullPointerException
	at java.util.Hashtable.put(Unknown Source)
	at java.util.Properties.setProperty(Unknown Source)
	at java.lang.System.setProperty(Unknown Source)
	at web.mpp.tests.ChromeTest.testChrome(ChromeTest.java:23)
... Removed 25 stack frames]]>
    </failure>
  </testcase> <!-- testChrome -->
</testsuite> <!-- runAllTest -->
