<?xml version="1.0" encoding="UTF-8"?>
<!-- Generated by org.testng.reporters.JUnitXMLReporter -->
<testsuite hostname="sys" name="runAllTest" tests="1" failures="1" timestamp="5 Jun 2016 02:42:01 GMT" time="12.693" errors="0">
  <testcase name="login" time="0.055" classname="web.mpp.tests.ObjectMapLogin">
    <failure type="java.lang.NullPointerException">
      <![CDATA[java.lang.NullPointerException
	at com.mpp.webpages.ObjectMap.getLocator(ObjectMap.java:34)
	at web.mpp.tests.ObjectMapLogin.login(ObjectMapLogin.java:42)
... Removed 25 stack frames]]>
    </failure>
  </testcase> <!-- login -->
</testsuite> <!-- runAllTest -->
